<?xml version="1.0" encoding="UTF-8"?>
<!-- Generated by org.testng.reporters.JUnitXMLReporter -->
<testsuite ignored="3" hostname="QT-INBG-LT0663" failures="5" tests="5" name="Test1" time="41.161" errors="0" timestamp="2022-10-17T14:57:27 IST">
  <testcase classname="SeleniumFrameworkDesign.orderpom" name="orderaddress" time="5.362">
    <failure type="java.lang.AssertionError" message="expected [https://mobileworld.banyanpro.com/order.html] but found [driver.getCurrentURL]">
      <![CDATA[java.lang.AssertionError: expected [https://mobileworld.banyanpro.com/order.html] but found [driver.getCurrentURL]
at SeleniumFrameworkDesign.orderpom.orderaddress(orderpom.java:106)
at java.base/java.util.ArrayList.forEach(ArrayList.java:1541)
... Removed 33 stack frames]]>
    </failure>
  </testcase> <!-- orderaddress -->
  <testcase classname="SeleniumFrameworkDesign.orderpom" name="ordercount" time="5.196">
    <failure type="java.lang.AssertionError" message="expected [https://mobileworld.banyanpro.com/order.html] but found [driver.getCurrentURL]">
      <![CDATA[java.lang.AssertionError: expected [https://mobileworld.banyanpro.com/order.html] but found [driver.getCurrentURL]
at SeleniumFrameworkDesign.orderpom.ordercount(orderpom.java:129)
at java.base/java.util.ArrayList.forEach(ArrayList.java:1541)
... Removed 33 stack frames]]>
    </failure>
  </testcase> <!-- ordercount -->
  <testcase classname="SeleniumFrameworkDesign.orderpom" name="orderpassword" time="5.66">
    <failure type="java.lang.AssertionError" message="expected [https://mobileworld.banyanpro.com/order.html] but found [driver.getCurrentURL]">
      <![CDATA[java.lang.AssertionError: expected [https://mobileworld.banyanpro.com/order.html] but found [driver.getCurrentURL]
at SeleniumFrameworkDesign.orderpom.orderpassword(orderpom.java:85)
at java.base/java.util.ArrayList.forEach(ArrayList.java:1541)
... Removed 33 stack frames]]>
    </failure>
  </testcase> <!-- orderpassword -->
  <testcase classname="SeleniumFrameworkDesign.orderpom" name="orderusername" time="5.408">
    <failure type="org.openqa.selenium.NoSuchSessionException" message="Session ID is null. Using WebDriver after calling quit()?
Build info: version: &amp;apos;4.4.0&amp;apos;, revision: &amp;apos;e5c75ed026a&amp;apos;
System info: host: &amp;apos;QT-INBG-LT0663&amp;apos;, ip: &amp;apos;10.20.15.116&amp;apos;, os.name: &amp;apos;Windows 10&amp;apos;, os.arch: &amp;apos;amd64&amp;apos;, os.version: &amp;apos;10.0&amp;apos;, java.version: &amp;apos;11.0.12&amp;apos;
Driver info: org.openqa.selenium.edge.EdgeDriver
Command: [null, getCurrentUrl {}]
Capabilities {acceptInsecureCerts: false, browserName: msedge, browserVersion: 106.0.1370.42, ms:edgeOptions: {debuggerAddress: localhost:60868}, msedge: {msedgedriverVersion: 105.0.1343.42 (a7d028ad8493..., userDataDir: C:\Users\vavitha.mk\AppData...}, networkConnectionEnabled: false, pageLoadStrategy: normal, platformName: WINDOWS, proxy: Proxy(), se:cdp: ws://localhost:60868/devtoo..., se:cdpVersion: 106.0.1370.42, setWindowRect: true, strictFileInteractability: false, timeouts: {implicit: 0, pageLoad: 300000, script: 30000}, unhandledPromptBehavior: dismiss and notify, webauthn:extension:credBlob: true, webauthn:extension:largeBlob: true, webauthn:virtualAuthenticators: true}">
      <![CDATA[org.openqa.selenium.NoSuchSessionException: Session ID is null. Using WebDriver after calling quit()?
Build info: version: '4.4.0', revision: 'e5c75ed026a'
System info: host: 'QT-INBG-LT0663', ip: '10.20.15.116', os.name: 'Windows 10', os.arch: 'amd64', os.version: '10.0', java.version: '11.0.12'
Driver info: org.openqa.selenium.edge.EdgeDriver
Command: [null, getCurrentUrl {}]
Capabilities {acceptInsecureCerts: false, browserName: msedge, browserVersion: 106.0.1370.42, ms:edgeOptions: {debuggerAddress: localhost:60868}, msedge: {msedgedriverVersion: 105.0.1343.42 (a7d028ad8493..., userDataDir: C:\Users\vavitha.mk\AppData...}, networkConnectionEnabled: false, pageLoadStrategy: normal, platformName: WINDOWS, proxy: Proxy(), se:cdp: ws://localhost:60868/devtoo..., se:cdpVersion: 106.0.1370.42, setWindowRect: true, strictFileInteractability: false, timeouts: {implicit: 0, pageLoad: 300000, script: 30000}, unhandledPromptBehavior: dismiss and notify, webauthn:extension:credBlob: true, webauthn:extension:largeBlob: true, webauthn:virtualAuthenticators: true}
at org.openqa.selenium.remote.HttpCommandExecutor.execute(HttpCommandExecutor.java:145)
at org.openqa.selenium.remote.service.DriverCommandExecutor.invokeExecute(DriverCommandExecutor.java:167)
at org.openqa.selenium.remote.service.DriverCommandExecutor.execute(DriverCommandExecutor.java:142)
at org.openqa.selenium.remote.RemoteWebDriver.execute(RemoteWebDriver.java:547)
at org.openqa.selenium.remote.RemoteWebDriver.execute(RemoteWebDriver.java:602)
at org.openqa.selenium.remote.RemoteWebDriver.execute(RemoteWebDriver.java:606)
at org.openqa.selenium.remote.RemoteWebDriver.getCurrentUrl(RemoteWebDriver.java:322)
at SeleniumFrameworkDesign.orderpom.orderusername(orderpom.java:61)
at java.base/java.util.ArrayList.forEach(ArrayList.java:1541)
... Removed 27 stack frames]]>
    </failure>
  </testcase> <!-- orderusername -->
  <testcase classname="SeleniumFrameworkDesign.orderpom" name="orderzip" time="5.185">
    <failure type="java.lang.AssertionError" message="expected [https://mobileworld.banyanpro.com/order.html] but found [driver.getCurrentURL]">
      <![CDATA[java.lang.AssertionError: expected [https://mobileworld.banyanpro.com/order.html] but found [driver.getCurrentURL]
at SeleniumFrameworkDesign.orderpom.orderzip(orderpom.java:117)
at java.base/java.util.ArrayList.forEach(ArrayList.java:1541)
... Removed 33 stack frames]]>
    </failure>
  </testcase> <!-- orderzip -->
  <testcase classname="SeleniumFrameworkDesign.orderpom" name="ordergmail" time="0.0">
    <ignored/>
  </testcase> <!-- ordergmail -->
  <testcase classname="SeleniumFrameworkDesign.orderpom" name="orderphonenumber" time="0.0">
    <ignored/>
  </testcase> <!-- orderphonenumber -->
  <testcase classname="SeleniumFrameworkDesign.orderpom" name="ordervalid" time="0.0">
    <ignored/>
  </testcase> <!-- ordervalid -->
</testsuite> <!-- Test1 -->
